<?xml version="1.0" encoding="UTF-8"?>
<!-- Generated by org.testng.reporters.JUnitReportReporter -->
<testsuite hostname="DESKTOP-TRGGSFM" failures="0" tests="2" name="login.abc" time="0.013" errors="0" timestamp="2024-07-06T11:48:16 IST" skipped="0">
  <testcase classname="login.abc" name="testCase2" time="0.012"/>
  <system-out/>
  <testcase classname="login.abc" name="testCase1" time="0.001"/>
  <system-out/>
</testsuite> <!-- login.abc -->
