<?xml version="1.0" encoding="UTF-8"?>
<!-- Generated by org.testng.reporters.JUnitReportReporter -->
<testsuite hostname="DESKTOP-TRGGSFM" failures="0" tests="1" name="Learning.BrokenLinksTest" time="11.396" errors="0" timestamp="2024-08-14T15:26:57 IST" skipped="0">
  <testcase classname="Learning.BrokenLinksTest" name="checkBrokenLinks" time="11.396"/>
  <system-out/>
</testsuite> <!-- Learning.BrokenLinksTest -->
