<?xml version="1.0" encoding="UTF-8"?>
<!-- Generated by org.testng.reporters.JUnitReportReporter -->
<testsuite hostname="DESKTOP-TRGGSFM" failures="0" tests="22" name="USDC.SHARDA_ONLINE" time="245.706" errors="0" timestamp="2024-08-22T14:28:22 IST" skipped="0">
  <testcase classname="USDC.SHARDA_ONLINE" name="TESTCASES37" time="8.945"/>
  <system-out/>
  <testcase classname="USDC.SHARDA_ONLINE" name="TESTCASES38" time="8.701"/>
  <system-out/>
  <testcase classname="USDC.SHARDA_ONLINE" name="TESTCASES39" time="9.214"/>
  <system-out/>
  <testcase classname="USDC.SHARDA_ONLINE" name="TESTCASES40" time="8.752"/>
  <system-out/>
  <testcase classname="USDC.SHARDA_ONLINE" name="TESTCASES41" time="8.777"/>
  <system-out/>
  <testcase classname="USDC.SHARDA_ONLINE" name="TESTCASES42" time="10.006"/>
  <system-out/>
  <testcase classname="USDC.SHARDA_ONLINE" name="TESTCASES43" time="8.388"/>
  <system-out/>
  <testcase classname="USDC.SHARDA_ONLINE" name="TESTCASES44" time="8.636"/>
  <system-out/>
  <testcase classname="USDC.SHARDA_ONLINE" name="TESTCASES45" time="8.651"/>
  <system-out/>
  <testcase classname="USDC.SHARDA_ONLINE" name="TESTCASES46" time="8.660"/>
  <system-out/>
  <testcase classname="USDC.SHARDA_ONLINE" name="TESTCASES47" time="8.517"/>
  <system-out/>
  <testcase classname="USDC.SHARDA_ONLINE" name="TESTCASES48" time="12.850"/>
  <system-out/>
  <testcase classname="USDC.SHARDA_ONLINE" name="TESTCASES49" time="14.858"/>
  <system-out/>
  <testcase classname="USDC.SHARDA_ONLINE" name="TESTCASES50" time="13.407"/>
  <system-out/>
  <testcase classname="USDC.SHARDA_ONLINE" name="TESTCASES51" time="13.604"/>
  <system-out/>
  <testcase classname="USDC.SHARDA_ONLINE" name="TESTCASES52" time="12.926"/>
  <system-out/>
  <testcase classname="USDC.SHARDA_ONLINE" name="TESTCASES53" time="12.893"/>
  <system-out/>
  <testcase classname="USDC.SHARDA_ONLINE" name="TESTCASES54" time="14.796"/>
  <system-out/>
  <testcase classname="USDC.SHARDA_ONLINE" name="TESTCASES55" time="13.821"/>
  <system-out/>
  <testcase classname="USDC.SHARDA_ONLINE" name="TESTCASES56" time="13.328"/>
  <system-out/>
  <testcase classname="USDC.SHARDA_ONLINE" name="TESTCASES57" time="13.046"/>
  <system-out/>
  <testcase classname="USDC.SHARDA_ONLINE" name="TESTCASES58" time="12.930"/>
  <system-out/>
</testsuite> <!-- USDC.SHARDA_ONLINE -->
