<?xml version="1.0" encoding="UTF-8"?>
<!-- Generated by org.testng.reporters.JUnitReportReporter -->
<testsuite hostname="DESKTOP-TRGGSFM" failures="0" tests="2" name="Learning.testgg" time="0.017" errors="0" timestamp="2024-07-06T11:46:56 IST" skipped="0">
  <testcase classname="Learning.testgg" name="testCase1" time="0.015"/>
  <system-out/>
  <testcase classname="Learning.testgg" name="testCase2" time="0.002"/>
  <system-out/>
</testsuite> <!-- Learning.testgg -->
