<?xml version="1.0" encoding="UTF-8"?>
<!-- Generated by org.testng.reporters.JUnitReportReporter -->
<testsuite hostname="DESKTOP-TRGGSFM" failures="0" tests="1" name="login.BrokenLinksTest" time="13.829" errors="0" timestamp="2024-08-16T10:59:23 IST" skipped="0">
  <testcase classname="login.BrokenLinksTest" name="checkBrokenLinks" time="13.829"/>
  <system-out/>
</testsuite> <!-- login.BrokenLinksTest -->
