<?xml version="1.0" encoding="UTF-8"?>
<!-- Generated by org.testng.reporters.JUnitReportReporter -->
<testsuite hostname="DESKTOP-TRGGSFM" failures="0" tests="2" name="Learning.testng" time="0.013" errors="0" timestamp="2024-07-04T14:35:38 IST" skipped="1">
  <testcase classname="Learning.testng" name="m2" time="0.013"/>
  <system-out/>
  <testcase classname="Learning.testng" name="m1">
    <skipped/>
  </testcase> <!-- m1 -->
  <system-out/>
</testsuite> <!-- Learning.testng -->
