<?xml version="1.0" encoding="UTF-8"?>
<!-- Generated by org.testng.reporters.JUnitReportReporter -->
<testsuite hostname="DESKTOP-TRGGSFM" failures="0" tests="1" name="login.BrokenLinksTest_sharda" time="12.860" errors="0" timestamp="2024-08-19T17:23:44 IST" skipped="0">
  <testcase classname="login.BrokenLinksTest_sharda" name="checkBrokenLinks" time="12.860"/>
  <system-out/>
</testsuite> <!-- login.BrokenLinksTest_sharda -->
