<?xml version="1.0" encoding="UTF-8"?>
<!-- Generated by org.testng.reporters.JUnitReportReporter -->
<testsuite hostname="DESKTOP-TRGGSFM" failures="0" tests="1" name="login.BrokenLinksTest_jain" time="7.581" errors="0" timestamp="2024-08-16T11:05:42 IST" skipped="0">
  <testcase classname="login.BrokenLinksTest_jain" name="checkBrokenLinks" time="7.581"/>
  <system-out/>
</testsuite> <!-- login.BrokenLinksTest_jain -->
